Flow report for Block1
Sat Oct 15 18:17:12 2016
Quartus II Version 9.1 Build 222 10/21/2009 SJ Web Edition


---------------------
; Table of Contents ;
---------------------
  1. Legal Notice
  2. Flow Summary
  3. Flow Settings
  4. Flow Non-Default Global Settings
  5. Flow Elapsed Time
  6. Flow OS Summary
  7. Flow Log



----------------
; Legal Notice ;
----------------
Copyright (C) 1991-2009 Altera Corporation
Your use of Altera Corporation's design tools, logic functions 
and other software and tools, and its AMPP partner logic 
functions, and any output files from any of the foregoing 
(including device programming or simulation files), and any 
associated documentation or information are expressly subject 
to the terms and conditions of the Altera Program License 
Subscription Agreement, Altera MegaCore Function License 
Agreement, or other applicable license agreement, including, 
without limitation, that your use is for the sole purpose of 
programming logic devices manufactured by Altera and sold by 
Altera or its authorized distributors.  Please refer to the 
applicable agreement for further details.



+-------------------------------------------------------------------------+
; Flow Summary                                                            ;
+-------------------------------+-----------------------------------------+
; Flow Status                   ; Successful - Sat Oct 15 18:17:11 2016   ;
; Quartus II Version            ; 9.1 Build 222 10/21/2009 SJ Web Edition ;
; Revision Name                 ; Block1                                  ;
; Top-level Entity Name         ; Block3                                  ;
; Family                        ; Stratix II                              ;
; Met timing requirements       ; N/A                                     ;
; Logic utilization             ; < 1 %                                   ;
;     Combinational ALUTs       ; 36 / 12,480 ( < 1 % )                   ;
;     Dedicated logic registers ; 16 / 12,480 ( < 1 % )                   ;
; Total registers               ; 16                                      ;
; Total pins                    ; 19 / 343 ( 6 % )                        ;
; Total virtual pins            ; 0                                       ;
; Total block memory bits       ; 0 / 419,328 ( 0 % )                     ;
; DSP block 9-bit elements      ; 0 / 96 ( 0 % )                          ;
; Total PLLs                    ; 0 / 6 ( 0 % )                           ;
; Total DLLs                    ; 0 / 2 ( 0 % )                           ;
; Device                        ; EP2S15F484C3                            ;
; Timing Models                 ; Final                                   ;
+-------------------------------+-----------------------------------------+


+-----------------------------------------+
; Flow Settings                           ;
+-------------------+---------------------+
; Option            ; Setting             ;
+-------------------+---------------------+
; Start date & time ; 10/15/2016 18:17:00 ;
; Main task         ; Compilation         ;
; Revision Name     ; Block1              ;
+-------------------+---------------------+


+-------------------------------------------------------------------------------------------------------------------------------+
; Flow Non-Default Global Settings                                                                                              ;
+------------------------------------+-------------------------------------------+---------------+-------------+----------------+
; Assignment Name                    ; Value                                     ; Default Value ; Entity Name ; Section Id     ;
+------------------------------------+-------------------------------------------+---------------+-------------+----------------+
; COMPILER_SIGNATURE_ID              ; 83629155550511.147654461903424            ; --            ; --          ; --             ;
; FMAX_REQUIREMENT                   ; 25 MHz                                    ; --            ; --          ; --             ;
; IP_TOOL_NAME                       ; LPM_COUNTER                               ; --            ; --          ; --             ;
; IP_TOOL_NAME                       ; LPM_DECODE                                ; --            ; --          ; --             ;
; IP_TOOL_NAME                       ; LPM_COUNTER                               ; --            ; --          ; --             ;
; IP_TOOL_NAME                       ; LPM_DECODE                                ; --            ; --          ; --             ;
; IP_TOOL_NAME                       ; LPM_COUNTER                               ; --            ; --          ; --             ;
; IP_TOOL_NAME                       ; LPM_DECODE                                ; --            ; --          ; --             ;
; IP_TOOL_NAME                       ; LPM_COUNTER                               ; --            ; --          ; --             ;
; IP_TOOL_NAME                       ; LPM_COMPARE                               ; --            ; --          ; --             ;
; IP_TOOL_NAME                       ; LPM_COUNTER                               ; --            ; --          ; --             ;
; IP_TOOL_NAME                       ; LPM_COUNTER                               ; --            ; --          ; --             ;
; IP_TOOL_NAME                       ; LPM_COMPARE                               ; --            ; --          ; --             ;
; IP_TOOL_NAME                       ; LPM_COUNTER                               ; --            ; --          ; --             ;
; IP_TOOL_NAME                       ; LPM_COUNTER                               ; --            ; --          ; --             ;
; IP_TOOL_NAME                       ; LPM_COMPARE                               ; --            ; --          ; --             ;
; IP_TOOL_NAME                       ; LPM_COUNTER                               ; --            ; --          ; --             ;
; IP_TOOL_NAME                       ; LPM_COMPARE                               ; --            ; --          ; --             ;
; IP_TOOL_NAME                       ; LPM_COUNTER                               ; --            ; --          ; --             ;
; IP_TOOL_NAME                       ; LPM_COMPARE                               ; --            ; --          ; --             ;
; IP_TOOL_NAME                       ; LPM_COMPARE                               ; --            ; --          ; --             ;
; IP_TOOL_NAME                       ; LPM_COMPARE                               ; --            ; --          ; --             ;
; IP_TOOL_NAME                       ; LPM_COMPARE                               ; --            ; --          ; --             ;
; IP_TOOL_NAME                       ; LPM_COMPARE                               ; --            ; --          ; --             ;
; IP_TOOL_NAME                       ; LPM_COMPARE                               ; --            ; --          ; --             ;
; IP_TOOL_NAME                       ; LPM_COMPARE                               ; --            ; --          ; --             ;
; IP_TOOL_VERSION                    ; 9.1                                       ; --            ; --          ; --             ;
; IP_TOOL_VERSION                    ; 9.1                                       ; --            ; --          ; --             ;
; IP_TOOL_VERSION                    ; 9.1                                       ; --            ; --          ; --             ;
; IP_TOOL_VERSION                    ; 9.1                                       ; --            ; --          ; --             ;
; IP_TOOL_VERSION                    ; 9.1                                       ; --            ; --          ; --             ;
; IP_TOOL_VERSION                    ; 9.1                                       ; --            ; --          ; --             ;
; IP_TOOL_VERSION                    ; 9.1                                       ; --            ; --          ; --             ;
; IP_TOOL_VERSION                    ; 9.1                                       ; --            ; --          ; --             ;
; IP_TOOL_VERSION                    ; 9.1                                       ; --            ; --          ; --             ;
; IP_TOOL_VERSION                    ; 9.1                                       ; --            ; --          ; --             ;
; IP_TOOL_VERSION                    ; 9.1                                       ; --            ; --          ; --             ;
; IP_TOOL_VERSION                    ; 9.1                                       ; --            ; --          ; --             ;
; IP_TOOL_VERSION                    ; 9.1                                       ; --            ; --          ; --             ;
; IP_TOOL_VERSION                    ; 9.1                                       ; --            ; --          ; --             ;
; IP_TOOL_VERSION                    ; 9.1                                       ; --            ; --          ; --             ;
; IP_TOOL_VERSION                    ; 9.1                                       ; --            ; --          ; --             ;
; IP_TOOL_VERSION                    ; 9.1                                       ; --            ; --          ; --             ;
; IP_TOOL_VERSION                    ; 9.1                                       ; --            ; --          ; --             ;
; IP_TOOL_VERSION                    ; 9.1                                       ; --            ; --          ; --             ;
; IP_TOOL_VERSION                    ; 9.1                                       ; --            ; --          ; --             ;
; IP_TOOL_VERSION                    ; 9.1                                       ; --            ; --          ; --             ;
; IP_TOOL_VERSION                    ; 9.1                                       ; --            ; --          ; --             ;
; IP_TOOL_VERSION                    ; 9.1                                       ; --            ; --          ; --             ;
; IP_TOOL_VERSION                    ; 9.1                                       ; --            ; --          ; --             ;
; MISC_FILE                          ; counter.tdf                               ; --            ; --          ; --             ;
; MISC_FILE                          ; counter.bsf                               ; --            ; --          ; --             ;
; MISC_FILE                          ; counter.inc                               ; --            ; --          ; --             ;
; MISC_FILE                          ; decoder.tdf                               ; --            ; --          ; --             ;
; MISC_FILE                          ; decoder.bsf                               ; --            ; --          ; --             ;
; MISC_FILE                          ; decoder.inc                               ; --            ; --          ; --             ;
; MISC_FILE                          ; counter2.tdf                              ; --            ; --          ; --             ;
; MISC_FILE                          ; counter2.bsf                              ; --            ; --          ; --             ;
; MISC_FILE                          ; counter2.inc                              ; --            ; --          ; --             ;
; MISC_FILE                          ; decoder2.tdf                              ; --            ; --          ; --             ;
; MISC_FILE                          ; decoder2.bsf                              ; --            ; --          ; --             ;
; MISC_FILE                          ; decoder2.inc                              ; --            ; --          ; --             ;
; MISC_FILE                          ; counter3.tdf                              ; --            ; --          ; --             ;
; MISC_FILE                          ; counter3.bsf                              ; --            ; --          ; --             ;
; MISC_FILE                          ; counter3.inc                              ; --            ; --          ; --             ;
; MISC_FILE                          ; decoder3.tdf                              ; --            ; --          ; --             ;
; MISC_FILE                          ; decoder3.bsf                              ; --            ; --          ; --             ;
; MISC_FILE                          ; decoder3.inc                              ; --            ; --          ; --             ;
; MISC_FILE                          ; ../../../lab2/lpm_counter1.tdf            ; --            ; --          ; --             ;
; MISC_FILE                          ; ../../../lab2/lpm_counter1.bsf            ; --            ; --          ; --             ;
; MISC_FILE                          ; ../../../lab2/lpm_counter1.inc            ; --            ; --          ; --             ;
; MISC_FILE                          ; lpm_compare0.tdf                          ; --            ; --          ; --             ;
; MISC_FILE                          ; lpm_compare0.bsf                          ; --            ; --          ; --             ;
; MISC_FILE                          ; lpm_compare0.inc                          ; --            ; --          ; --             ;
; MISC_FILE                          ; ../../../lab2/lpm_counter2.tdf            ; --            ; --          ; --             ;
; MISC_FILE                          ; ../../../lab2/lpm_counter2.bsf            ; --            ; --          ; --             ;
; MISC_FILE                          ; ../../../lab2/lpm_counter2.inc            ; --            ; --          ; --             ;
; MISC_FILE                          ; lpm_counter0.tdf                          ; --            ; --          ; --             ;
; MISC_FILE                          ; lpm_counter0.bsf                          ; --            ; --          ; --             ;
; MISC_FILE                          ; lpm_counter0.inc                          ; --            ; --          ; --             ;
; MISC_FILE                          ; lpm_compare1.tdf                          ; --            ; --          ; --             ;
; MISC_FILE                          ; lpm_compare1.bsf                          ; --            ; --          ; --             ;
; MISC_FILE                          ; lpm_compare1.inc                          ; --            ; --          ; --             ;
; MISC_FILE                          ; lpm_counter1.tdf                          ; --            ; --          ; --             ;
; MISC_FILE                          ; lpm_counter1.bsf                          ; --            ; --          ; --             ;
; MISC_FILE                          ; lpm_counter1.inc                          ; --            ; --          ; --             ;
; MISC_FILE                          ; lpm_counter2.tdf                          ; --            ; --          ; --             ;
; MISC_FILE                          ; lpm_counter2.bsf                          ; --            ; --          ; --             ;
; MISC_FILE                          ; lpm_counter2.inc                          ; --            ; --          ; --             ;
; MISC_FILE                          ; lpm_compare2.tdf                          ; --            ; --          ; --             ;
; MISC_FILE                          ; lpm_compare2.bsf                          ; --            ; --          ; --             ;
; MISC_FILE                          ; lpm_compare2.inc                          ; --            ; --          ; --             ;
; MISC_FILE                          ; ../../../lab2/lpm_counter3.tdf            ; --            ; --          ; --             ;
; MISC_FILE                          ; ../../../lab2/lpm_counter3.bsf            ; --            ; --          ; --             ;
; MISC_FILE                          ; ../../../lab2/lpm_counter3.inc            ; --            ; --          ; --             ;
; MISC_FILE                          ; ../../../lab2/lpm_compare2.tdf            ; --            ; --          ; --             ;
; MISC_FILE                          ; ../../../lab2/lpm_compare2.bsf            ; --            ; --          ; --             ;
; MISC_FILE                          ; ../../../lab2/lpm_compare2.inc            ; --            ; --          ; --             ;
; MISC_FILE                          ; lpm_counter3.tdf                          ; --            ; --          ; --             ;
; MISC_FILE                          ; lpm_counter3.bsf                          ; --            ; --          ; --             ;
; MISC_FILE                          ; lpm_counter3.inc                          ; --            ; --          ; --             ;
; MISC_FILE                          ; ../../../Lab2_2 - Finish/lpm_compare4.tdf ; --            ; --          ; --             ;
; MISC_FILE                          ; ../../../Lab2_2 - Finish/lpm_compare4.bsf ; --            ; --          ; --             ;
; MISC_FILE                          ; ../../../Lab2_2 - Finish/lpm_compare4.inc ; --            ; --          ; --             ;
; MISC_FILE                          ; ../../../Lab2_2 - Finish/lpm_compare5.tdf ; --            ; --          ; --             ;
; MISC_FILE                          ; ../../../Lab2_2 - Finish/lpm_compare5.bsf ; --            ; --          ; --             ;
; MISC_FILE                          ; ../../../Lab2_2 - Finish/lpm_compare5.inc ; --            ; --          ; --             ;
; MISC_FILE                          ; ../../../Lab2_2 - Finish/lpm_compare6.tdf ; --            ; --          ; --             ;
; MISC_FILE                          ; ../../../Lab2_2 - Finish/lpm_compare6.bsf ; --            ; --          ; --             ;
; MISC_FILE                          ; ../../../Lab2_2 - Finish/lpm_compare6.inc ; --            ; --          ; --             ;
; MISC_FILE                          ; ../../../Lab2_2 - Finish/lpm_compare7.tdf ; --            ; --          ; --             ;
; MISC_FILE                          ; ../../../Lab2_2 - Finish/lpm_compare7.bsf ; --            ; --          ; --             ;
; MISC_FILE                          ; ../../../Lab2_2 - Finish/lpm_compare7.inc ; --            ; --          ; --             ;
; MISC_FILE                          ; ../../../Lab2_2 - Finish/lpm_compare8.tdf ; --            ; --          ; --             ;
; MISC_FILE                          ; ../../../Lab2_2 - Finish/lpm_compare8.bsf ; --            ; --          ; --             ;
; MISC_FILE                          ; ../../../Lab2_2 - Finish/lpm_compare8.inc ; --            ; --          ; --             ;
; MISC_FILE                          ; ../../../Lab2_2 - Finish/lpm_compare9.tdf ; --            ; --          ; --             ;
; MISC_FILE                          ; ../../../Lab2_2 - Finish/lpm_compare9.bsf ; --            ; --          ; --             ;
; MISC_FILE                          ; ../../../Lab2_2 - Finish/lpm_compare9.inc ; --            ; --          ; --             ;
; MISC_FILE                          ; lpm_compare3.tdf                          ; --            ; --          ; --             ;
; MISC_FILE                          ; lpm_compare3.bsf                          ; --            ; --          ; --             ;
; MISC_FILE                          ; lpm_compare3.inc                          ; --            ; --          ; --             ;
; PARTITION_COLOR                    ; 16764057                                  ; --            ; Block3      ; Top            ;
; PARTITION_NETLIST_TYPE             ; SOURCE                                    ; --            ; Block3      ; Top            ;
; TOP_LEVEL_ENTITY                   ; Block3                                    ; Block1        ; --          ; --             ;
; USE_GENERATED_PHYSICAL_CONSTRAINTS ; Off                                       ; --            ; --          ; eda_blast_fpga ;
+------------------------------------+-------------------------------------------+---------------+-------------+----------------+


+--------------------------------------------------------------------------------------------------------------------------+
; Flow Elapsed Time                                                                                                        ;
+----------------------+--------------+-------------------------+---------------------+------------------------------------+
; Module Name          ; Elapsed Time ; Average Processors Used ; Peak Virtual Memory ; Total CPU Time (on all processors) ;
+----------------------+--------------+-------------------------+---------------------+------------------------------------+
; Analysis & Synthesis ; 00:00:04     ; 1.0                     ; 201 MB              ; 00:00:03                           ;
; Fitter               ; 00:00:06     ; 1.0                     ; 240 MB              ; 00:00:06                           ;
; Total                ; 00:00:10     ; --                      ; --                  ; 00:00:09                           ;
+----------------------+--------------+-------------------------+---------------------+------------------------------------+


+---------------------------------------------------------------------------------------+
; Flow OS Summary                                                                       ;
+----------------------+------------------+---------------+------------+----------------+
; Module Name          ; Machine Hostname ; OS Name       ; OS Version ; Processor type ;
+----------------------+------------------+---------------+------------+----------------+
; Analysis & Synthesis ; Aleksey-ой       ; Windows Vista ; 6.1        ; i686           ;
; Fitter               ; Aleksey-ой       ; Windows Vista ; 6.1        ; i686           ;
+----------------------+------------------+---------------+------------+----------------+


------------
; Flow Log ;
------------
quartus_map --read_settings_files=on --write_settings_files=off Block1 -c Block1
quartus_fit --read_settings_files=off --write_settings_files=off Block1 -c Block1



