Flow report for memory
Tue Oct 25 01:20:51 2016
Quartus II Version 9.1 Build 222 10/21/2009 SJ Web Edition


---------------------
; Table of Contents ;
---------------------
  1. Legal Notice
  2. Flow Summary
  3. Flow Settings
  4. Flow Non-Default Global Settings
  5. Flow Elapsed Time
  6. Flow OS Summary
  7. Flow Log



----------------
; Legal Notice ;
----------------
Copyright (C) 1991-2009 Altera Corporation
Your use of Altera Corporation's design tools, logic functions 
and other software and tools, and its AMPP partner logic 
functions, and any output files from any of the foregoing 
(including device programming or simulation files), and any 
associated documentation or information are expressly subject 
to the terms and conditions of the Altera Program License 
Subscription Agreement, Altera MegaCore Function License 
Agreement, or other applicable license agreement, including, 
without limitation, that your use is for the sole purpose of 
programming logic devices manufactured by Altera and sold by 
Altera or its authorized distributors.  Please refer to the 
applicable agreement for further details.



+-------------------------------------------------------------------------+
; Flow Summary                                                            ;
+-------------------------------+-----------------------------------------+
; Flow Status                   ; Successful - Tue Oct 25 01:20:51 2016   ;
; Quartus II Version            ; 9.1 Build 222 10/21/2009 SJ Web Edition ;
; Revision Name                 ; memory                                  ;
; Top-level Entity Name         ; main                                    ;
; Family                        ; Stratix II                              ;
; Met timing requirements       ; No                                      ;
; Logic utilization             ; < 1 %                                   ;
;     Combinational ALUTs       ; 92 / 12,480 ( < 1 % )                   ;
;     Dedicated logic registers ; 29 / 12,480 ( < 1 % )                   ;
; Total registers               ; 29                                      ;
; Total pins                    ; 49 / 343 ( 14 % )                       ;
; Total virtual pins            ; 0                                       ;
; Total block memory bits       ; 1,024 / 419,328 ( < 1 % )               ;
; DSP block 9-bit elements      ; 0 / 96 ( 0 % )                          ;
; Total PLLs                    ; 0 / 6 ( 0 % )                           ;
; Total DLLs                    ; 0 / 2 ( 0 % )                           ;
; Device                        ; EP2S15F484C3                            ;
; Timing Models                 ; Final                                   ;
+-------------------------------+-----------------------------------------+


+-----------------------------------------+
; Flow Settings                           ;
+-------------------+---------------------+
; Option            ; Setting             ;
+-------------------+---------------------+
; Start date & time ; 10/25/2016 01:20:20 ;
; Main task         ; Compilation         ;
; Revision Name     ; memory              ;
+-------------------+---------------------+


+---------------------------------------------------------------------------------------------------------------------+
; Flow Non-Default Global Settings                                                                                    ;
+------------------------------------+---------------------------------+---------------+-------------+----------------+
; Assignment Name                    ; Value                           ; Default Value ; Entity Name ; Section Id     ;
+------------------------------------+---------------------------------+---------------+-------------+----------------+
; COMPILER_SIGNATURE_ID              ; 83629155550511.147734762000456  ; --            ; --          ; --             ;
; IP_TOOL_NAME                       ; LPM_BUSTRI                      ; --            ; --          ; --             ;
; IP_TOOL_NAME                       ; LPM_BUSTRI                      ; --            ; --          ; --             ;
; IP_TOOL_NAME                       ; LPM_ROM                         ; --            ; --          ; --             ;
; IP_TOOL_NAME                       ; LPM_BUSTRI                      ; --            ; --          ; --             ;
; IP_TOOL_NAME                       ; LPM_COUNTER                     ; --            ; --          ; --             ;
; IP_TOOL_NAME                       ; LPM_COUNTER                     ; --            ; --          ; --             ;
; IP_TOOL_NAME                       ; LPM_COUNTER                     ; --            ; --          ; --             ;
; IP_TOOL_NAME                       ; LPM_COMPARE                     ; --            ; --          ; --             ;
; IP_TOOL_NAME                       ; LPM_COUNTER                     ; --            ; --          ; --             ;
; IP_TOOL_NAME                       ; LPM_BUSTRI                      ; --            ; --          ; --             ;
; IP_TOOL_NAME                       ; LPM_COMPARE                     ; --            ; --          ; --             ;
; IP_TOOL_NAME                       ; LPM_COMPARE                     ; --            ; --          ; --             ;
; IP_TOOL_NAME                       ; LPM_COMPARE                     ; --            ; --          ; --             ;
; IP_TOOL_NAME                       ; LPM_COMPARE                     ; --            ; --          ; --             ;
; IP_TOOL_NAME                       ; LPM_LATCH                       ; --            ; --          ; --             ;
; IP_TOOL_NAME                       ; LPM_BUSTRI                      ; --            ; --          ; --             ;
; IP_TOOL_NAME                       ; LPM_LATCH                       ; --            ; --          ; --             ;
; IP_TOOL_NAME                       ; LPM_OR                          ; --            ; --          ; --             ;
; IP_TOOL_NAME                       ; LPM_BUSTRI                      ; --            ; --          ; --             ;
; IP_TOOL_NAME                       ; LPM_CONSTANT                    ; --            ; --          ; --             ;
; IP_TOOL_NAME                       ; LPM_COMPARE                     ; --            ; --          ; --             ;
; IP_TOOL_NAME                       ; LPM_COMPARE                     ; --            ; --          ; --             ;
; IP_TOOL_NAME                       ; LPM_COUNTER                     ; --            ; --          ; --             ;
; IP_TOOL_NAME                       ; LPM_ROM                         ; --            ; --          ; --             ;
; IP_TOOL_NAME                       ; LPM_ROM                         ; --            ; --          ; --             ;
; IP_TOOL_NAME                       ; LPM_ROM                         ; --            ; --          ; --             ;
; IP_TOOL_NAME                       ; LPM_COMPARE                     ; --            ; --          ; --             ;
; IP_TOOL_NAME                       ; LPM_COMPARE                     ; --            ; --          ; --             ;
; IP_TOOL_NAME                       ; LPM_COMPARE                     ; --            ; --          ; --             ;
; IP_TOOL_NAME                       ; LPM_LATCH                       ; --            ; --          ; --             ;
; IP_TOOL_NAME                       ; LPM_BUSTRI                      ; --            ; --          ; --             ;
; IP_TOOL_NAME                       ; LPM_LATCH                       ; --            ; --          ; --             ;
; IP_TOOL_NAME                       ; LPM_CONSTANT                    ; --            ; --          ; --             ;
; IP_TOOL_NAME                       ; LPM_MUX                         ; --            ; --          ; --             ;
; IP_TOOL_NAME                       ; LPM_LATCH                       ; --            ; --          ; --             ;
; IP_TOOL_NAME                       ; LPM_BUSTRI                      ; --            ; --          ; --             ;
; IP_TOOL_NAME                       ; LPM_CONSTANT                    ; --            ; --          ; --             ;
; IP_TOOL_NAME                       ; LPM_CONSTANT                    ; --            ; --          ; --             ;
; IP_TOOL_NAME                       ; LPM_CONSTANT                    ; --            ; --          ; --             ;
; IP_TOOL_NAME                       ; LPM_DECODE                      ; --            ; --          ; --             ;
; IP_TOOL_VERSION                    ; 9.1                             ; --            ; --          ; --             ;
; IP_TOOL_VERSION                    ; 9.1                             ; --            ; --          ; --             ;
; IP_TOOL_VERSION                    ; 9.1                             ; --            ; --          ; --             ;
; IP_TOOL_VERSION                    ; 9.1                             ; --            ; --          ; --             ;
; IP_TOOL_VERSION                    ; 9.1                             ; --            ; --          ; --             ;
; IP_TOOL_VERSION                    ; 9.1                             ; --            ; --          ; --             ;
; IP_TOOL_VERSION                    ; 9.1                             ; --            ; --          ; --             ;
; IP_TOOL_VERSION                    ; 9.1                             ; --            ; --          ; --             ;
; IP_TOOL_VERSION                    ; 9.1                             ; --            ; --          ; --             ;
; IP_TOOL_VERSION                    ; 9.1                             ; --            ; --          ; --             ;
; IP_TOOL_VERSION                    ; 9.1                             ; --            ; --          ; --             ;
; IP_TOOL_VERSION                    ; 9.1                             ; --            ; --          ; --             ;
; IP_TOOL_VERSION                    ; 9.1                             ; --            ; --          ; --             ;
; IP_TOOL_VERSION                    ; 9.1                             ; --            ; --          ; --             ;
; IP_TOOL_VERSION                    ; 9.1                             ; --            ; --          ; --             ;
; IP_TOOL_VERSION                    ; 9.1                             ; --            ; --          ; --             ;
; IP_TOOL_VERSION                    ; 9.1                             ; --            ; --          ; --             ;
; IP_TOOL_VERSION                    ; 9.1                             ; --            ; --          ; --             ;
; IP_TOOL_VERSION                    ; 9.1                             ; --            ; --          ; --             ;
; IP_TOOL_VERSION                    ; 9.1                             ; --            ; --          ; --             ;
; IP_TOOL_VERSION                    ; 9.1                             ; --            ; --          ; --             ;
; IP_TOOL_VERSION                    ; 9.1                             ; --            ; --          ; --             ;
; IP_TOOL_VERSION                    ; 9.1                             ; --            ; --          ; --             ;
; IP_TOOL_VERSION                    ; 9.1                             ; --            ; --          ; --             ;
; IP_TOOL_VERSION                    ; 9.1                             ; --            ; --          ; --             ;
; IP_TOOL_VERSION                    ; 9.1                             ; --            ; --          ; --             ;
; IP_TOOL_VERSION                    ; 9.1                             ; --            ; --          ; --             ;
; IP_TOOL_VERSION                    ; 9.1                             ; --            ; --          ; --             ;
; IP_TOOL_VERSION                    ; 9.1                             ; --            ; --          ; --             ;
; IP_TOOL_VERSION                    ; 9.1                             ; --            ; --          ; --             ;
; IP_TOOL_VERSION                    ; 9.1                             ; --            ; --          ; --             ;
; IP_TOOL_VERSION                    ; 9.1                             ; --            ; --          ; --             ;
; IP_TOOL_VERSION                    ; 9.1                             ; --            ; --          ; --             ;
; IP_TOOL_VERSION                    ; 9.1                             ; --            ; --          ; --             ;
; IP_TOOL_VERSION                    ; 9.1                             ; --            ; --          ; --             ;
; IP_TOOL_VERSION                    ; 9.1                             ; --            ; --          ; --             ;
; IP_TOOL_VERSION                    ; 9.1                             ; --            ; --          ; --             ;
; IP_TOOL_VERSION                    ; 9.1                             ; --            ; --          ; --             ;
; IP_TOOL_VERSION                    ; 9.1                             ; --            ; --          ; --             ;
; IP_TOOL_VERSION                    ; 9.1                             ; --            ; --          ; --             ;
; MISC_FILE                          ; C:/altera/91/quartus/memory.dpf ; --            ; --          ; --             ;
; MISC_FILE                          ; lpm_bustri0.tdf                 ; --            ; --          ; --             ;
; MISC_FILE                          ; lpm_bustri0.bsf                 ; --            ; --          ; --             ;
; MISC_FILE                          ; lpm_bustri0.inc                 ; --            ; --          ; --             ;
; MISC_FILE                          ; lpm_bustri1.tdf                 ; --            ; --          ; --             ;
; MISC_FILE                          ; lpm_bustri1.bsf                 ; --            ; --          ; --             ;
; MISC_FILE                          ; lpm_bustri1.inc                 ; --            ; --          ; --             ;
; MISC_FILE                          ; lpm_rom0.tdf                    ; --            ; --          ; --             ;
; MISC_FILE                          ; lpm_rom0.bsf                    ; --            ; --          ; --             ;
; MISC_FILE                          ; lpm_rom0.inc                    ; --            ; --          ; --             ;
; MISC_FILE                          ; lpm_bustri2.tdf                 ; --            ; --          ; --             ;
; MISC_FILE                          ; lpm_bustri2.bsf                 ; --            ; --          ; --             ;
; MISC_FILE                          ; lpm_bustri2.inc                 ; --            ; --          ; --             ;
; MISC_FILE                          ; lpm_counter0.tdf                ; --            ; --          ; --             ;
; MISC_FILE                          ; lpm_counter0.bsf                ; --            ; --          ; --             ;
; MISC_FILE                          ; lpm_counter0.inc                ; --            ; --          ; --             ;
; MISC_FILE                          ; lpm_counter1.tdf                ; --            ; --          ; --             ;
; MISC_FILE                          ; lpm_counter1.bsf                ; --            ; --          ; --             ;
; MISC_FILE                          ; lpm_counter1.inc                ; --            ; --          ; --             ;
; MISC_FILE                          ; lpm_counter2.tdf                ; --            ; --          ; --             ;
; MISC_FILE                          ; lpm_counter2.bsf                ; --            ; --          ; --             ;
; MISC_FILE                          ; lpm_counter2.inc                ; --            ; --          ; --             ;
; MISC_FILE                          ; lpm_compare0.tdf                ; --            ; --          ; --             ;
; MISC_FILE                          ; lpm_compare0.bsf                ; --            ; --          ; --             ;
; MISC_FILE                          ; lpm_compare0.inc                ; --            ; --          ; --             ;
; MISC_FILE                          ; lpm_counter3.tdf                ; --            ; --          ; --             ;
; MISC_FILE                          ; lpm_counter3.bsf                ; --            ; --          ; --             ;
; MISC_FILE                          ; lpm_counter3.inc                ; --            ; --          ; --             ;
; MISC_FILE                          ; lpm_bustri3.tdf                 ; --            ; --          ; --             ;
; MISC_FILE                          ; lpm_bustri3.bsf                 ; --            ; --          ; --             ;
; MISC_FILE                          ; lpm_bustri3.inc                 ; --            ; --          ; --             ;
; MISC_FILE                          ; lpm_compare1.tdf                ; --            ; --          ; --             ;
; MISC_FILE                          ; lpm_compare1.bsf                ; --            ; --          ; --             ;
; MISC_FILE                          ; lpm_compare1.inc                ; --            ; --          ; --             ;
; MISC_FILE                          ; lpm_compare2.tdf                ; --            ; --          ; --             ;
; MISC_FILE                          ; lpm_compare2.bsf                ; --            ; --          ; --             ;
; MISC_FILE                          ; lpm_compare2.inc                ; --            ; --          ; --             ;
; MISC_FILE                          ; lpm_compare3.tdf                ; --            ; --          ; --             ;
; MISC_FILE                          ; lpm_compare3.bsf                ; --            ; --          ; --             ;
; MISC_FILE                          ; lpm_compare3.inc                ; --            ; --          ; --             ;
; MISC_FILE                          ; lpm_compare4.tdf                ; --            ; --          ; --             ;
; MISC_FILE                          ; lpm_compare4.bsf                ; --            ; --          ; --             ;
; MISC_FILE                          ; lpm_compare4.inc                ; --            ; --          ; --             ;
; MISC_FILE                          ; lpm_latch0.tdf                  ; --            ; --          ; --             ;
; MISC_FILE                          ; lpm_latch0.bsf                  ; --            ; --          ; --             ;
; MISC_FILE                          ; lpm_latch0.inc                  ; --            ; --          ; --             ;
; MISC_FILE                          ; lpm_bustri4.tdf                 ; --            ; --          ; --             ;
; MISC_FILE                          ; lpm_bustri4.bsf                 ; --            ; --          ; --             ;
; MISC_FILE                          ; lpm_bustri4.inc                 ; --            ; --          ; --             ;
; MISC_FILE                          ; lpm_latch1.tdf                  ; --            ; --          ; --             ;
; MISC_FILE                          ; lpm_latch1.bsf                  ; --            ; --          ; --             ;
; MISC_FILE                          ; lpm_latch1.inc                  ; --            ; --          ; --             ;
; MISC_FILE                          ; lpm_or0.tdf                     ; --            ; --          ; --             ;
; MISC_FILE                          ; lpm_or0.bsf                     ; --            ; --          ; --             ;
; MISC_FILE                          ; lpm_or0.inc                     ; --            ; --          ; --             ;
; MISC_FILE                          ; lpm_bustri5.tdf                 ; --            ; --          ; --             ;
; MISC_FILE                          ; lpm_bustri5.bsf                 ; --            ; --          ; --             ;
; MISC_FILE                          ; lpm_bustri5.inc                 ; --            ; --          ; --             ;
; MISC_FILE                          ; lpm_constant0.tdf               ; --            ; --          ; --             ;
; MISC_FILE                          ; lpm_constant0.bsf               ; --            ; --          ; --             ;
; MISC_FILE                          ; lpm_constant0.inc               ; --            ; --          ; --             ;
; MISC_FILE                          ; lpm_compare5.tdf                ; --            ; --          ; --             ;
; MISC_FILE                          ; lpm_compare5.bsf                ; --            ; --          ; --             ;
; MISC_FILE                          ; lpm_compare5.inc                ; --            ; --          ; --             ;
; MISC_FILE                          ; lpm_compare6.tdf                ; --            ; --          ; --             ;
; MISC_FILE                          ; lpm_compare6.bsf                ; --            ; --          ; --             ;
; MISC_FILE                          ; lpm_compare6.inc                ; --            ; --          ; --             ;
; MISC_FILE                          ; lpm_counter4.tdf                ; --            ; --          ; --             ;
; MISC_FILE                          ; lpm_counter4.bsf                ; --            ; --          ; --             ;
; MISC_FILE                          ; lpm_counter4.inc                ; --            ; --          ; --             ;
; MISC_FILE                          ; lpm_rom1.bsf                    ; --            ; --          ; --             ;
; MISC_FILE                          ; lpm_rom1.inc                    ; --            ; --          ; --             ;
; MISC_FILE                          ; lpm_rom2.tdf                    ; --            ; --          ; --             ;
; MISC_FILE                          ; lpm_rom2.bsf                    ; --            ; --          ; --             ;
; MISC_FILE                          ; lpm_rom2.inc                    ; --            ; --          ; --             ;
; MISC_FILE                          ; lpm_rom3.bsf                    ; --            ; --          ; --             ;
; MISC_FILE                          ; lpm_rom3.inc                    ; --            ; --          ; --             ;
; MISC_FILE                          ; lpm_compare7.tdf                ; --            ; --          ; --             ;
; MISC_FILE                          ; lpm_compare7.bsf                ; --            ; --          ; --             ;
; MISC_FILE                          ; lpm_compare7.inc                ; --            ; --          ; --             ;
; MISC_FILE                          ; lpm_compare8.tdf                ; --            ; --          ; --             ;
; MISC_FILE                          ; lpm_compare8.bsf                ; --            ; --          ; --             ;
; MISC_FILE                          ; lpm_compare8.inc                ; --            ; --          ; --             ;
; MISC_FILE                          ; lpm_compare9.tdf                ; --            ; --          ; --             ;
; MISC_FILE                          ; lpm_compare9.bsf                ; --            ; --          ; --             ;
; MISC_FILE                          ; lpm_compare9.inc                ; --            ; --          ; --             ;
; MISC_FILE                          ; lpm_latch3.tdf                  ; --            ; --          ; --             ;
; MISC_FILE                          ; lpm_latch3.bsf                  ; --            ; --          ; --             ;
; MISC_FILE                          ; lpm_latch3.inc                  ; --            ; --          ; --             ;
; MISC_FILE                          ; lpm_bustri8.tdf                 ; --            ; --          ; --             ;
; MISC_FILE                          ; lpm_bustri8.bsf                 ; --            ; --          ; --             ;
; MISC_FILE                          ; lpm_bustri8.inc                 ; --            ; --          ; --             ;
; MISC_FILE                          ; lpm_latch4.tdf                  ; --            ; --          ; --             ;
; MISC_FILE                          ; lpm_latch4.bsf                  ; --            ; --          ; --             ;
; MISC_FILE                          ; lpm_latch4.inc                  ; --            ; --          ; --             ;
; MISC_FILE                          ; lpm_constant1.tdf               ; --            ; --          ; --             ;
; MISC_FILE                          ; lpm_constant1.bsf               ; --            ; --          ; --             ;
; MISC_FILE                          ; lpm_constant1.inc               ; --            ; --          ; --             ;
; MISC_FILE                          ; lpm_mux0.tdf                    ; --            ; --          ; --             ;
; MISC_FILE                          ; lpm_mux0.bsf                    ; --            ; --          ; --             ;
; MISC_FILE                          ; lpm_mux0.inc                    ; --            ; --          ; --             ;
; MISC_FILE                          ; lpm_latch5.tdf                  ; --            ; --          ; --             ;
; MISC_FILE                          ; lpm_latch5.bsf                  ; --            ; --          ; --             ;
; MISC_FILE                          ; lpm_latch5.inc                  ; --            ; --          ; --             ;
; MISC_FILE                          ; lpm_bustri9.tdf                 ; --            ; --          ; --             ;
; MISC_FILE                          ; lpm_bustri9.bsf                 ; --            ; --          ; --             ;
; MISC_FILE                          ; lpm_bustri9.inc                 ; --            ; --          ; --             ;
; MISC_FILE                          ; lpm_constant2.tdf               ; --            ; --          ; --             ;
; MISC_FILE                          ; lpm_constant2.bsf               ; --            ; --          ; --             ;
; MISC_FILE                          ; lpm_constant2.inc               ; --            ; --          ; --             ;
; MISC_FILE                          ; lpm_constant3.tdf               ; --            ; --          ; --             ;
; MISC_FILE                          ; lpm_constant3.bsf               ; --            ; --          ; --             ;
; MISC_FILE                          ; lpm_constant3.inc               ; --            ; --          ; --             ;
; MISC_FILE                          ; lpm_constant4.tdf               ; --            ; --          ; --             ;
; MISC_FILE                          ; lpm_constant4.bsf               ; --            ; --          ; --             ;
; MISC_FILE                          ; lpm_constant4.inc               ; --            ; --          ; --             ;
; MISC_FILE                          ; lpm_decode0.tdf                 ; --            ; --          ; --             ;
; MISC_FILE                          ; lpm_decode0.bsf                 ; --            ; --          ; --             ;
; MISC_FILE                          ; lpm_decode0.inc                 ; --            ; --          ; --             ;
; PARTITION_COLOR                    ; 16764057                        ; --            ; main        ; Top            ;
; PARTITION_NETLIST_TYPE             ; SOURCE                          ; --            ; main        ; Top            ;
; TOP_LEVEL_ENTITY                   ; main                            ; memory        ; --          ; --             ;
; USE_GENERATED_PHYSICAL_CONSTRAINTS ; Off                             ; --            ; --          ; eda_blast_fpga ;
+------------------------------------+---------------------------------+---------------+-------------+----------------+


+-----------------------------------------------------------------------------------------------------------------------------+
; Flow Elapsed Time                                                                                                           ;
+-------------------------+--------------+-------------------------+---------------------+------------------------------------+
; Module Name             ; Elapsed Time ; Average Processors Used ; Peak Virtual Memory ; Total CPU Time (on all processors) ;
+-------------------------+--------------+-------------------------+---------------------+------------------------------------+
; Analysis & Synthesis    ; 00:00:11     ; 1.0                     ; 237 MB              ; 00:00:12                           ;
; Fitter                  ; 00:00:10     ; 1.0                     ; 241 MB              ; 00:00:12                           ;
; Assembler               ; 00:00:04     ; 1.0                     ; 215 MB              ; 00:00:03                           ;
; Classic Timing Analyzer ; 00:00:01     ; 1.0                     ; 146 MB              ; 00:00:01                           ;
; Total                   ; 00:00:26     ; --                      ; --                  ; 00:00:28                           ;
+-------------------------+--------------+-------------------------+---------------------+------------------------------------+


+------------------------------------------------------------------------------------------+
; Flow OS Summary                                                                          ;
+-------------------------+------------------+---------------+------------+----------------+
; Module Name             ; Machine Hostname ; OS Name       ; OS Version ; Processor type ;
+-------------------------+------------------+---------------+------------+----------------+
; Analysis & Synthesis    ; Aleksey-ой       ; Windows Vista ; 6.1        ; i686           ;
; Fitter                  ; Aleksey-ой       ; Windows Vista ; 6.1        ; i686           ;
; Assembler               ; Aleksey-ой       ; Windows Vista ; 6.1        ; i686           ;
; Classic Timing Analyzer ; Aleksey-ой       ; Windows Vista ; 6.1        ; i686           ;
+-------------------------+------------------+---------------+------------+----------------+


------------
; Flow Log ;
------------
quartus_map --read_settings_files=on --write_settings_files=off memory -c memory
quartus_fit --read_settings_files=off --write_settings_files=off memory -c memory
quartus_asm --read_settings_files=off --write_settings_files=off memory -c memory
quartus_tan --read_settings_files=off --write_settings_files=off memory -c memory --timing_analysis_only



