Flow report for LABv2
Thu Sep 22 21:51:26 2016
Quartus II Version 9.1 Build 222 10/21/2009 SJ Web Edition


---------------------
; Table of Contents ;
---------------------
  1. Legal Notice
  2. Flow Summary
  3. Flow Settings
  4. Flow Non-Default Global Settings
  5. Flow Elapsed Time
  6. Flow OS Summary
  7. Flow Log



----------------
; Legal Notice ;
----------------
Copyright (C) 1991-2009 Altera Corporation
Your use of Altera Corporation's design tools, logic functions 
and other software and tools, and its AMPP partner logic 
functions, and any output files from any of the foregoing 
(including device programming or simulation files), and any 
associated documentation or information are expressly subject 
to the terms and conditions of the Altera Program License 
Subscription Agreement, Altera MegaCore Function License 
Agreement, or other applicable license agreement, including, 
without limitation, that your use is for the sole purpose of 
programming logic devices manufactured by Altera and sold by 
Altera or its authorized distributors.  Please refer to the 
applicable agreement for further details.



+--------------------------------------------------------------------------+
; Flow Summary                                                             ;
+--------------------------------+-----------------------------------------+
; Flow Status                    ; Successful - Thu Sep 22 21:51:26 2016   ;
; Quartus II Version             ; 9.1 Build 222 10/21/2009 SJ Web Edition ;
; Revision Name                  ; LABv2                                   ;
; Top-level Entity Name          ; LABv2                                   ;
; Family                         ; Arria GX                                ;
; Met timing requirements        ; N/A                                     ;
; Logic utilization              ; < 1 %                                   ;
;     Combinational ALUTs        ; 68 / 17,264 ( < 1 % )                   ;
;     Dedicated logic registers  ; 22 / 17,264 ( < 1 % )                   ;
; Total registers                ; 22                                      ;
; Total pins                     ; 35 / 255 ( 14 % )                       ;
; Total virtual pins             ; 0                                       ;
; Total block memory bits        ; 0 / 1,229,184 ( 0 % )                   ;
; DSP block 9-bit elements       ; 0 / 80 ( 0 % )                          ;
; Total GXB Receiver Channels    ; 0 / 4 ( 0 % )                           ;
; Total GXB Transmitter Channels ; 0 / 4 ( 0 % )                           ;
; Total PLLs                     ; 0 / 4 ( 0 % )                           ;
; Total DLLs                     ; 0 / 2 ( 0 % )                           ;
; Device                         ; EP1AGX20CF484C6                         ;
; Timing Models                  ; Final                                   ;
+--------------------------------+-----------------------------------------+


+-----------------------------------------+
; Flow Settings                           ;
+-------------------+---------------------+
; Option            ; Setting             ;
+-------------------+---------------------+
; Start date & time ; 09/22/2016 21:50:49 ;
; Main task         ; Compilation         ;
; Revision Name     ; LABv2               ;
+-------------------+---------------------+


+---------------------------------------------------------------------------------------------------------------------+
; Flow Non-Default Global Settings                                                                                    ;
+------------------------------------+---------------------------------+---------------+-------------+----------------+
; Assignment Name                    ; Value                           ; Default Value ; Entity Name ; Section Id     ;
+------------------------------------+---------------------------------+---------------+-------------+----------------+
; COMPILER_SIGNATURE_ID              ; 114448696984389.147457024906344 ; --            ; --          ; --             ;
; IP_TOOL_NAME                       ; LPM_CONSTANT                    ; --            ; --          ; --             ;
; IP_TOOL_NAME                       ; LPM_CONSTANT                    ; --            ; --          ; --             ;
; IP_TOOL_NAME                       ; LPM_COUNTER                     ; --            ; --          ; --             ;
; IP_TOOL_NAME                       ; LPM_COMPARE                     ; --            ; --          ; --             ;
; IP_TOOL_NAME                       ; LPM_ADD_SUB                     ; --            ; --          ; --             ;
; IP_TOOL_NAME                       ; LPM_ADD_SUB                     ; --            ; --          ; --             ;
; IP_TOOL_NAME                       ; LPM_CONSTANT                    ; --            ; --          ; --             ;
; IP_TOOL_NAME                       ; LPM_CONSTANT                    ; --            ; --          ; --             ;
; IP_TOOL_NAME                       ; LPM_COUNTER                     ; --            ; --          ; --             ;
; IP_TOOL_NAME                       ; LPM_DECODE                      ; --            ; --          ; --             ;
; IP_TOOL_NAME                       ; LPM_MUX                         ; --            ; --          ; --             ;
; IP_TOOL_NAME                       ; LPM_CONSTANT                    ; --            ; --          ; --             ;
; IP_TOOL_NAME                       ; LPM_CONSTANT                    ; --            ; --          ; --             ;
; IP_TOOL_NAME                       ; LPM_AND                         ; --            ; --          ; --             ;
; IP_TOOL_NAME                       ; LPM_INV                         ; --            ; --          ; --             ;
; IP_TOOL_VERSION                    ; 9.1                             ; --            ; --          ; --             ;
; IP_TOOL_VERSION                    ; 9.1                             ; --            ; --          ; --             ;
; IP_TOOL_VERSION                    ; 9.1                             ; --            ; --          ; --             ;
; IP_TOOL_VERSION                    ; 9.1                             ; --            ; --          ; --             ;
; IP_TOOL_VERSION                    ; 9.1                             ; --            ; --          ; --             ;
; IP_TOOL_VERSION                    ; 9.1                             ; --            ; --          ; --             ;
; IP_TOOL_VERSION                    ; 9.1                             ; --            ; --          ; --             ;
; IP_TOOL_VERSION                    ; 9.1                             ; --            ; --          ; --             ;
; IP_TOOL_VERSION                    ; 9.1                             ; --            ; --          ; --             ;
; IP_TOOL_VERSION                    ; 9.1                             ; --            ; --          ; --             ;
; IP_TOOL_VERSION                    ; 9.1                             ; --            ; --          ; --             ;
; IP_TOOL_VERSION                    ; 9.1                             ; --            ; --          ; --             ;
; IP_TOOL_VERSION                    ; 9.1                             ; --            ; --          ; --             ;
; IP_TOOL_VERSION                    ; 9.1                             ; --            ; --          ; --             ;
; IP_TOOL_VERSION                    ; 9.1                             ; --            ; --          ; --             ;
; MISC_FILE                          ; lpm_constant1.tdf               ; --            ; --          ; --             ;
; MISC_FILE                          ; lpm_constant1.bsf               ; --            ; --          ; --             ;
; MISC_FILE                          ; lpm_constant1.inc               ; --            ; --          ; --             ;
; MISC_FILE                          ; lpm_constant2.tdf               ; --            ; --          ; --             ;
; MISC_FILE                          ; lpm_constant2.bsf               ; --            ; --          ; --             ;
; MISC_FILE                          ; lpm_constant2.inc               ; --            ; --          ; --             ;
; MISC_FILE                          ; lpm_counter0.tdf                ; --            ; --          ; --             ;
; MISC_FILE                          ; lpm_counter0.bsf                ; --            ; --          ; --             ;
; MISC_FILE                          ; lpm_counter0.inc                ; --            ; --          ; --             ;
; MISC_FILE                          ; lpm_compare0.tdf                ; --            ; --          ; --             ;
; MISC_FILE                          ; lpm_compare0.bsf                ; --            ; --          ; --             ;
; MISC_FILE                          ; lpm_compare0.inc                ; --            ; --          ; --             ;
; MISC_FILE                          ; lpm_add_sub0.tdf                ; --            ; --          ; --             ;
; MISC_FILE                          ; lpm_add_sub0.bsf                ; --            ; --          ; --             ;
; MISC_FILE                          ; lpm_add_sub0.inc                ; --            ; --          ; --             ;
; MISC_FILE                          ; lpm_add_sub1.tdf                ; --            ; --          ; --             ;
; MISC_FILE                          ; lpm_add_sub1.bsf                ; --            ; --          ; --             ;
; MISC_FILE                          ; lpm_add_sub1.inc                ; --            ; --          ; --             ;
; MISC_FILE                          ; lpm_constant0.tdf               ; --            ; --          ; --             ;
; MISC_FILE                          ; lpm_constant0.bsf               ; --            ; --          ; --             ;
; MISC_FILE                          ; lpm_constant0.inc               ; --            ; --          ; --             ;
; MISC_FILE                          ; lpm_constant3.tdf               ; --            ; --          ; --             ;
; MISC_FILE                          ; lpm_constant3.bsf               ; --            ; --          ; --             ;
; MISC_FILE                          ; lpm_constant3.inc               ; --            ; --          ; --             ;
; MISC_FILE                          ; lpm_counter1.tdf                ; --            ; --          ; --             ;
; MISC_FILE                          ; lpm_counter1.bsf                ; --            ; --          ; --             ;
; MISC_FILE                          ; lpm_counter1.inc                ; --            ; --          ; --             ;
; MISC_FILE                          ; lpm_decode0.tdf                 ; --            ; --          ; --             ;
; MISC_FILE                          ; lpm_decode0.bsf                 ; --            ; --          ; --             ;
; MISC_FILE                          ; lpm_decode0.inc                 ; --            ; --          ; --             ;
; MISC_FILE                          ; lpm_mux0.tdf                    ; --            ; --          ; --             ;
; MISC_FILE                          ; lpm_mux0.bsf                    ; --            ; --          ; --             ;
; MISC_FILE                          ; lpm_mux0.inc                    ; --            ; --          ; --             ;
; MISC_FILE                          ; lpm_constant4.tdf               ; --            ; --          ; --             ;
; MISC_FILE                          ; lpm_constant4.bsf               ; --            ; --          ; --             ;
; MISC_FILE                          ; lpm_constant4.inc               ; --            ; --          ; --             ;
; MISC_FILE                          ; lpm_constant5.tdf               ; --            ; --          ; --             ;
; MISC_FILE                          ; lpm_constant5.bsf               ; --            ; --          ; --             ;
; MISC_FILE                          ; lpm_constant5.inc               ; --            ; --          ; --             ;
; MISC_FILE                          ; lpm_and0.tdf                    ; --            ; --          ; --             ;
; MISC_FILE                          ; lpm_and0.bsf                    ; --            ; --          ; --             ;
; MISC_FILE                          ; lpm_and0.inc                    ; --            ; --          ; --             ;
; MISC_FILE                          ; lpm_inv0.tdf                    ; --            ; --          ; --             ;
; MISC_FILE                          ; lpm_inv0.bsf                    ; --            ; --          ; --             ;
; MISC_FILE                          ; lpm_inv0.inc                    ; --            ; --          ; --             ;
; PARTITION_COLOR                    ; 16764057                        ; --            ; --          ; Top            ;
; PARTITION_NETLIST_TYPE             ; SOURCE                          ; --            ; --          ; Top            ;
; USE_GENERATED_PHYSICAL_CONSTRAINTS ; Off                             ; --            ; --          ; eda_blast_fpga ;
+------------------------------------+---------------------------------+---------------+-------------+----------------+


+-------------------------------------------------------------------------------------------------------------------------------+
; Flow Elapsed Time                                                                                                             ;
+---------------------------+--------------+-------------------------+---------------------+------------------------------------+
; Module Name               ; Elapsed Time ; Average Processors Used ; Peak Virtual Memory ; Total CPU Time (on all processors) ;
+---------------------------+--------------+-------------------------+---------------------+------------------------------------+
; Analysis & Synthesis      ; 00:00:07     ; 1.0                     ; 228 MB              ; 00:00:07                           ;
; Fitter                    ; 00:00:17     ; 1.0                     ; 333 MB              ; 00:00:17                           ;
; Assembler                 ; 00:00:05     ; 1.0                     ; 279 MB              ; 00:00:05                           ;
; TimeQuest Timing Analyzer ; 00:00:04     ; 1.0                     ; 221 MB              ; 00:00:03                           ;
; Total                     ; 00:00:29     ; --                      ; --                  ; 00:00:29                           ;
+---------------------------+--------------+-------------------------+---------------------+------------------------------------+


+--------------------------------------------------------------------------------------------+
; Flow OS Summary                                                                            ;
+---------------------------+------------------+---------------+------------+----------------+
; Module Name               ; Machine Hostname ; OS Name       ; OS Version ; Processor type ;
+---------------------------+------------------+---------------+------------+----------------+
; Analysis & Synthesis      ; Ira              ; Windows Vista ; 6.2        ; x86_64         ;
; Fitter                    ; Ira              ; Windows Vista ; 6.2        ; x86_64         ;
; TimeQuest Timing Analyzer ; Ira              ; Windows Vista ; 6.2        ; x86_64         ;
; Assembler                 ; Ira              ; Windows Vista ; 6.2        ; x86_64         ;
+---------------------------+------------------+---------------+------------+----------------+


------------
; Flow Log ;
------------
quartus_map --read_settings_files=on --write_settings_files=off LABv2 -c LABv2
quartus_fit --read_settings_files=off --write_settings_files=off LABv2 -c LABv2
quartus_sta LABv2 -c LABv2
quartus_asm --read_settings_files=off --write_settings_files=off LABv2 -c LABv2



