Analysis & Synthesis report for block1
Tue Oct 18 15:18:12 2016
Quartus II Version 9.1 Build 222 10/21/2009 SJ Web Edition


---------------------
; Table of Contents ;
---------------------
  1. Legal Notice
  2. Analysis & Synthesis Summary
  3. Analysis & Synthesis Settings
  4. Parallel Compilation
  5. Analysis & Synthesis Source Files Read
  6. Analysis & Synthesis Resource Usage Summary
  7. Analysis & Synthesis Resource Utilization by Entity
  8. Analysis & Synthesis RAM Summary
  9. General Register Statistics
 10. Source assignments for LPM_RAM_IO:inst2|altram:sram|altsyncram:ram_block|altsyncram_cc91:auto_generated
 11. Source assignments for LPM_ROM:inst|altrom:srom|altsyncram:rom_block|altsyncram_bmv:auto_generated
 12. Parameter Settings for User Entity Instance: lpm_bustri11:inst18|lpm_bustri:lpm_bustri_component
 13. Parameter Settings for User Entity Instance: LPM_RAM_IO:inst2
 14. Parameter Settings for User Entity Instance: lpm_bustri0:inst1|lpm_bustri:lpm_bustri_component
 15. Parameter Settings for User Entity Instance: LPM_ROM:inst
 16. Parameter Settings for User Entity Instance: lpm_bustri11:inst22|lpm_bustri:lpm_bustri_component
 17. Parameter Settings for User Entity Instance: lpm_dff0:inst24|lpm_ff:lpm_ff_component
 18. Parameter Settings for User Entity Instance: lpm_dff0:inst23|lpm_ff:lpm_ff_component
 19. Parameter Settings for User Entity Instance: lpm_dff0:inst21|lpm_ff:lpm_ff_component
 20. Analysis & Synthesis Messages



----------------
; Legal Notice ;
----------------
Copyright (C) 1991-2009 Altera Corporation
Your use of Altera Corporation's design tools, logic functions 
and other software and tools, and its AMPP partner logic 
functions, and any output files from any of the foregoing 
(including device programming or simulation files), and any 
associated documentation or information are expressly subject 
to the terms and conditions of the Altera Program License 
Subscription Agreement, Altera MegaCore Function License 
Agreement, or other applicable license agreement, including, 
without limitation, that your use is for the sole purpose of 
programming logic devices manufactured by Altera and sold by 
Altera or its authorized distributors.  Please refer to the 
applicable agreement for further details.



+-------------------------------------------------------------------------+
; Analysis & Synthesis Summary                                            ;
+-------------------------------+-----------------------------------------+
; Analysis & Synthesis Status   ; Successful - Tue Oct 18 15:18:12 2016   ;
; Quartus II Version            ; 9.1 Build 222 10/21/2009 SJ Web Edition ;
; Revision Name                 ; block1                                  ;
; Top-level Entity Name         ; block1                                  ;
; Family                        ; Stratix II                              ;
; Logic utilization             ; N/A                                     ;
;     Combinational ALUTs       ; 32                                      ;
;     Dedicated logic registers ; 27                                      ;
; Total registers               ; 27                                      ;
; Total pins                    ; 35                                      ;
; Total virtual pins            ; 0                                       ;
; Total block memory bits       ; 1,024                                   ;
; DSP block 9-bit elements      ; 0                                       ;
; Total PLLs                    ; 0                                       ;
; Total DLLs                    ; 0                                       ;
+-------------------------------+-----------------------------------------+


+----------------------------------------------------------------------------------------------------------------------+
; Analysis & Synthesis Settings                                                                                        ;
+----------------------------------------------------------------------------+--------------------+--------------------+
; Option                                                                     ; Setting            ; Default Value      ;
+----------------------------------------------------------------------------+--------------------+--------------------+
; Top-level entity name                                                      ; block1             ; block1             ;
; Family name                                                                ; Stratix II         ; Stratix II         ;
; Use Generated Physical Constraints File                                    ; Off                ;                    ;
; Use smart compilation                                                      ; Off                ; Off                ;
; Enable parallel Assembler and TimeQuest Timing Analyzer during compilation ; On                 ; On                 ;
; Enable compact report table                                                ; Off                ; Off                ;
; Restructure Multiplexers                                                   ; Auto               ; Auto               ;
; Create Debugging Nodes for IP Cores                                        ; Off                ; Off                ;
; Preserve fewer node names                                                  ; On                 ; On                 ;
; Disable OpenCore Plus hardware evaluation                                  ; Off                ; Off                ;
; Verilog Version                                                            ; Verilog_2001       ; Verilog_2001       ;
; VHDL Version                                                               ; VHDL_1993          ; VHDL_1993          ;
; State Machine Processing                                                   ; Auto               ; Auto               ;
; Safe State Machine                                                         ; Off                ; Off                ;
; Extract Verilog State Machines                                             ; On                 ; On                 ;
; Extract VHDL State Machines                                                ; On                 ; On                 ;
; Ignore Verilog initial constructs                                          ; Off                ; Off                ;
; Iteration limit for constant Verilog loops                                 ; 5000               ; 5000               ;
; Iteration limit for non-constant Verilog loops                             ; 250                ; 250                ;
; Add Pass-Through Logic to Inferred RAMs                                    ; On                 ; On                 ;
; Parallel Synthesis                                                         ; On                 ; On                 ;
; DSP Block Balancing                                                        ; Auto               ; Auto               ;
; NOT Gate Push-Back                                                         ; On                 ; On                 ;
; Power-Up Don't Care                                                        ; On                 ; On                 ;
; Remove Redundant Logic Cells                                               ; Off                ; Off                ;
; Remove Duplicate Registers                                                 ; On                 ; On                 ;
; Ignore CARRY Buffers                                                       ; Off                ; Off                ;
; Ignore CASCADE Buffers                                                     ; Off                ; Off                ;
; Ignore GLOBAL Buffers                                                      ; Off                ; Off                ;
; Ignore ROW GLOBAL Buffers                                                  ; Off                ; Off                ;
; Ignore LCELL Buffers                                                       ; Off                ; Off                ;
; Ignore SOFT Buffers                                                        ; On                 ; On                 ;
; Limit AHDL Integers to 32 Bits                                             ; Off                ; Off                ;
; Optimization Technique                                                     ; Balanced           ; Balanced           ;
; Carry Chain Length                                                         ; 70                 ; 70                 ;
; Auto Carry Chains                                                          ; On                 ; On                 ;
; Auto Open-Drain Pins                                                       ; On                 ; On                 ;
; Perform WYSIWYG Primitive Resynthesis                                      ; Off                ; Off                ;
; Auto ROM Replacement                                                       ; On                 ; On                 ;
; Auto RAM Replacement                                                       ; On                 ; On                 ;
; Auto DSP Block Replacement                                                 ; On                 ; On                 ;
; Auto Shift Register Replacement                                            ; Auto               ; Auto               ;
; Auto Clock Enable Replacement                                              ; On                 ; On                 ;
; Strict RAM Replacement                                                     ; Off                ; Off                ;
; Allow Synchronous Control Signals                                          ; On                 ; On                 ;
; Force Use of Synchronous Clear Signals                                     ; Off                ; Off                ;
; Auto RAM Block Balancing                                                   ; On                 ; On                 ;
; Auto RAM to Logic Cell Conversion                                          ; Off                ; Off                ;
; Auto Resource Sharing                                                      ; Off                ; Off                ;
; Allow Any RAM Size For Recognition                                         ; Off                ; Off                ;
; Allow Any ROM Size For Recognition                                         ; Off                ; Off                ;
; Allow Any Shift Register Size For Recognition                              ; Off                ; Off                ;
; Use LogicLock Constraints during Resource Balancing                        ; On                 ; On                 ;
; Ignore translate_off and synthesis_off directives                          ; Off                ; Off                ;
; Timing-Driven Synthesis                                                    ; Off                ; Off                ;
; Show Parameter Settings Tables in Synthesis Report                         ; On                 ; On                 ;
; Ignore Maximum Fan-Out Assignments                                         ; Off                ; Off                ;
; Synchronization Register Chain Length                                      ; 2                  ; 2                  ;
; PowerPlay Power Optimization                                               ; Normal compilation ; Normal compilation ;
; HDL message level                                                          ; Level2             ; Level2             ;
; Suppress Register Optimization Related Messages                            ; Off                ; Off                ;
; Number of Removed Registers Reported in Synthesis Report                   ; 100                ; 100                ;
; Number of Inverted Registers Reported in Synthesis Report                  ; 100                ; 100                ;
; Clock MUX Protection                                                       ; On                 ; On                 ;
; Auto Gated Clock Conversion                                                ; Off                ; Off                ;
; Block Design Naming                                                        ; Auto               ; Auto               ;
; SDC constraint protection                                                  ; Off                ; Off                ;
; Synthesis Effort                                                           ; Auto               ; Auto               ;
; Shift Register Replacement - Allow Asynchronous Clear Signal               ; On                 ; On                 ;
; Analysis & Synthesis Message Level                                         ; Medium             ; Medium             ;
; Disable Register Merging Across Hierarchies                                ; Auto               ; Auto               ;
; Resource Aware Inference For Block RAM                                     ; On                 ; On                 ;
+----------------------------------------------------------------------------+--------------------+--------------------+


Parallel compilation was disabled, but you have multiple processors available. Enable parallel compilation to reduce compilation time.
+-------------------------------------+
; Parallel Compilation                ;
+----------------------------+--------+
; Processors                 ; Number ;
+----------------------------+--------+
; Number detected on machine ; 2      ;
; Maximum allowed            ; 1      ;
+----------------------------+--------+


+------------------------------------------------------------------------------------------------------------------------------------------------------------------+
; Analysis & Synthesis Source Files Read                                                                                                                           ;
+----------------------------------+-----------------+---------------------------------------+---------------------------------------------------------------------+
; File Name with User-Entered Path ; Used in Netlist ; File Type                             ; File Name with Absolute Path                                        ;
+----------------------------------+-----------------+---------------------------------------+---------------------------------------------------------------------+
; block1.bdf                       ; yes             ; User Block Diagram/Schematic File     ; D:/3-èé êóðñ/ÑèÔÎÝÂÌ(6)/labs/Laba 3/My/laba3/block1.bdf             ;
; rom.hex                          ; yes             ; User Hexadecimal (Intel-Format) File  ; D:/3-èé êóðñ/ÑèÔÎÝÂÌ(6)/labs/Laba 3/My/laba3/rom.hex                ;
; ram.hex                          ; yes             ; User Hexadecimal (Intel-Format) File  ; D:/3-èé êóðñ/ÑèÔÎÝÂÌ(6)/labs/Laba 3/My/laba3/ram.hex                ;
; 4count.bdf                       ; yes             ; Megafunction                          ; c:/altera/91/quartus/libraries/others/maxplus2/4count.bdf           ;
; lpm_bustri11.tdf                 ; yes             ; Auto-Found Wizard-Generated File      ; D:/3-èé êóðñ/ÑèÔÎÝÂÌ(6)/labs/Laba 3/My/laba3/lpm_bustri11.tdf       ;
; lpm_bustri.inc                   ; yes             ; Auto-Found AHDL File                  ; c:/altera/91/quartus/libraries/megafunctions/lpm_bustri.inc         ;
; lpm_bustri.tdf                   ; yes             ; Megafunction                          ; c:/altera/91/quartus/libraries/megafunctions/lpm_bustri.tdf         ;
; lpm_ram_io.tdf                   ; yes             ; Megafunction                          ; c:/altera/91/quartus/libraries/megafunctions/lpm_ram_io.tdf         ;
; altram.tdf                       ; yes             ; Megafunction                          ; c:/altera/91/quartus/libraries/megafunctions/altram.tdf             ;
; altsyncram.tdf                   ; yes             ; Megafunction                          ; c:/altera/91/quartus/libraries/megafunctions/altsyncram.tdf         ;
; db/altsyncram_cc91.tdf           ; yes             ; Auto-Generated Megafunction           ; D:/3-èé êóðñ/ÑèÔÎÝÂÌ(6)/labs/Laba 3/My/laba3/db/altsyncram_cc91.tdf ;
; lpm_bustri0.tdf                  ; yes             ; Auto-Found Wizard-Generated File      ; D:/3-èé êóðñ/ÑèÔÎÝÂÌ(6)/labs/Laba 3/My/laba3/lpm_bustri0.tdf        ;
; lpm_rom.tdf                      ; yes             ; Megafunction                          ; c:/altera/91/quartus/libraries/megafunctions/lpm_rom.tdf            ;
; altrom.tdf                       ; yes             ; Megafunction                          ; c:/altera/91/quartus/libraries/megafunctions/altrom.tdf             ;
; db/altsyncram_bmv.tdf            ; yes             ; Auto-Generated Megafunction           ; D:/3-èé êóðñ/ÑèÔÎÝÂÌ(6)/labs/Laba 3/My/laba3/db/altsyncram_bmv.tdf  ;
; lpm_dff0.tdf                     ; yes             ; Auto-Found Wizard-Generated File      ; D:/3-èé êóðñ/ÑèÔÎÝÂÌ(6)/labs/Laba 3/My/laba3/lpm_dff0.tdf           ;
; lpm_ff.inc                       ; yes             ; Auto-Found AHDL File                  ; c:/altera/91/quartus/libraries/megafunctions/lpm_ff.inc             ;
; lpm_ff.tdf                       ; yes             ; Megafunction                          ; c:/altera/91/quartus/libraries/megafunctions/lpm_ff.tdf             ;
+----------------------------------+-----------------+---------------------------------------+---------------------------------------------------------------------+


+----------------------------------------------------------+
; Analysis & Synthesis Resource Usage Summary              ;
+-----------------------------------------------+----------+
; Resource                                      ; Usage    ;
+-----------------------------------------------+----------+
; Estimated ALUTs Used                          ; 32       ;
; Dedicated logic registers                     ; 27       ;
;                                               ;          ;
; Estimated ALUTs Unavailable                   ; 0        ;
;                                               ;          ;
; Total combinational functions                 ; 32       ;
; Combinational ALUT usage by number of inputs  ;          ;
;     -- 7 input functions                      ; 0        ;
;     -- 6 input functions                      ; 8        ;
;     -- 5 input functions                      ; 0        ;
;     -- 4 input functions                      ; 9        ;
;     -- <=3 input functions                    ; 15       ;
;                                               ;          ;
; Combinational ALUTs by mode                   ;          ;
;     -- normal mode                            ; 32       ;
;     -- extended LUT mode                      ; 0        ;
;     -- arithmetic mode                        ; 0        ;
;     -- shared arithmetic mode                 ; 0        ;
;                                               ;          ;
; Estimated ALUT/register pairs used            ; 43       ;
;                                               ;          ;
; Total registers                               ; 27       ;
;     -- Dedicated logic registers              ; 27       ;
;     -- I/O registers                          ; 0        ;
;                                               ;          ;
; Estimated ALMs:  partially or completely used ; 22       ;
;                                               ;          ;
; I/O pins                                      ; 35       ;
; Total block memory bits                       ; 1024     ;
; Maximum fan-out node                          ; ram_read ;
; Maximum fan-out                               ; 27       ;
; Total fan-out                                 ; 350      ;
; Average fan-out                               ; 3.18     ;
+-----------------------------------------------+----------+


+--------------------------------------------------------------------------------------------------------------------------------------------------------------------------------------------------------------------------------------------------------------------------------------+
; Analysis & Synthesis Resource Utilization by Entity                                                                                                                                                                                                                                  ;
+----------------------------------------------+-------------------+--------------+-------------------+--------------+---------+-----------+-----------+------+--------------+------------------------------------------------------------------------------------------+--------------+
; Compilation Hierarchy Node                   ; LC Combinationals ; LC Registers ; Block Memory Bits ; DSP Elements ; DSP 9x9 ; DSP 18x18 ; DSP 36x36 ; Pins ; Virtual Pins ; Full Hierarchy Name                                                                      ; Library Name ;
+----------------------------------------------+-------------------+--------------+-------------------+--------------+---------+-----------+-----------+------+--------------+------------------------------------------------------------------------------------------+--------------+
; |block1                                      ; 32 (2)            ; 27 (0)       ; 1024              ; 0            ; 0       ; 0         ; 0         ; 35   ; 0            ; |block1                                                                                  ; work         ;
;    |4count:inst4|                            ; 3 (3)             ; 3 (3)        ; 0                 ; 0            ; 0       ; 0         ; 0         ; 0    ; 0            ; |block1|4count:inst4                                                                     ;              ;
;    |lpm_bustri11:inst18|                     ; 9 (0)             ; 0 (0)        ; 0                 ; 0            ; 0       ; 0         ; 0         ; 0    ; 0            ; |block1|lpm_bustri11:inst18                                                              ;              ;
;       |lpm_bustri:lpm_bustri_component|      ; 9 (9)             ; 0 (0)        ; 0                 ; 0            ; 0       ; 0         ; 0         ; 0    ; 0            ; |block1|lpm_bustri11:inst18|lpm_bustri:lpm_bustri_component                              ; work         ;
;    |lpm_bustri11:inst22|                     ; 8 (0)             ; 0 (0)        ; 0                 ; 0            ; 0       ; 0         ; 0         ; 0    ; 0            ; |block1|lpm_bustri11:inst22                                                              ;              ;
;       |lpm_bustri:lpm_bustri_component|      ; 8 (8)             ; 0 (0)        ; 0                 ; 0            ; 0       ; 0         ; 0         ; 0    ; 0            ; |block1|lpm_bustri11:inst22|lpm_bustri:lpm_bustri_component                              ;              ;
;    |lpm_dff0:inst21|                         ; 0 (0)             ; 8 (0)        ; 0                 ; 0            ; 0       ; 0         ; 0         ; 0    ; 0            ; |block1|lpm_dff0:inst21                                                                  ; work         ;
;       |lpm_ff:lpm_ff_component|              ; 0 (0)             ; 8 (8)        ; 0                 ; 0            ; 0       ; 0         ; 0         ; 0    ; 0            ; |block1|lpm_dff0:inst21|lpm_ff:lpm_ff_component                                          ; work         ;
;    |lpm_dff0:inst23|                         ; 0 (0)             ; 8 (0)        ; 0                 ; 0            ; 0       ; 0         ; 0         ; 0    ; 0            ; |block1|lpm_dff0:inst23                                                                  ; work         ;
;       |lpm_ff:lpm_ff_component|              ; 0 (0)             ; 8 (8)        ; 0                 ; 0            ; 0       ; 0         ; 0         ; 0    ; 0            ; |block1|lpm_dff0:inst23|lpm_ff:lpm_ff_component                                          ; work         ;
;    |lpm_dff0:inst24|                         ; 0 (0)             ; 8 (0)        ; 0                 ; 0            ; 0       ; 0         ; 0         ; 0    ; 0            ; |block1|lpm_dff0:inst24                                                                  ;              ;
;       |lpm_ff:lpm_ff_component|              ; 0 (0)             ; 8 (8)        ; 0                 ; 0            ; 0       ; 0         ; 0         ; 0    ; 0            ; |block1|lpm_dff0:inst24|lpm_ff:lpm_ff_component                                          ;              ;
;    |lpm_ram_io:inst2|                        ; 10 (10)           ; 0 (0)        ; 512               ; 0            ; 0       ; 0         ; 0         ; 0    ; 0            ; |block1|lpm_ram_io:inst2                                                                 ; work         ;
;       |altram:sram|                          ; 0 (0)             ; 0 (0)        ; 512               ; 0            ; 0       ; 0         ; 0         ; 0    ; 0            ; |block1|lpm_ram_io:inst2|altram:sram                                                     ; work         ;
;          |altsyncram:ram_block|              ; 0 (0)             ; 0 (0)        ; 512               ; 0            ; 0       ; 0         ; 0         ; 0    ; 0            ; |block1|lpm_ram_io:inst2|altram:sram|altsyncram:ram_block                                ; work         ;
;             |altsyncram_cc91:auto_generated| ; 0 (0)             ; 0 (0)        ; 512               ; 0            ; 0       ; 0         ; 0         ; 0    ; 0            ; |block1|lpm_ram_io:inst2|altram:sram|altsyncram:ram_block|altsyncram_cc91:auto_generated ; work         ;
;    |lpm_rom:inst|                            ; 0 (0)             ; 0 (0)        ; 512               ; 0            ; 0       ; 0         ; 0         ; 0    ; 0            ; |block1|lpm_rom:inst                                                                     ;              ;
;       |altrom:srom|                          ; 0 (0)             ; 0 (0)        ; 512               ; 0            ; 0       ; 0         ; 0         ; 0    ; 0            ; |block1|lpm_rom:inst|altrom:srom                                                         ;              ;
;          |altsyncram:rom_block|              ; 0 (0)             ; 0 (0)        ; 512               ; 0            ; 0       ; 0         ; 0         ; 0    ; 0            ; |block1|lpm_rom:inst|altrom:srom|altsyncram:rom_block                                    ;              ;
;             |altsyncram_bmv:auto_generated|  ; 0 (0)             ; 0 (0)        ; 512               ; 0            ; 0       ; 0         ; 0         ; 0    ; 0            ; |block1|lpm_rom:inst|altrom:srom|altsyncram:rom_block|altsyncram_bmv:auto_generated      ;              ;
+----------------------------------------------+-------------------+--------------+-------------------+--------------+---------+-----------+-----------+------+--------------+------------------------------------------------------------------------------------------+--------------+
Note: For table entries with two numbers listed, the numbers in parentheses indicate the number of resources of the given type used by the specific entity alone. The numbers listed outside of parentheses indicate the total resources of the given type used by the specific entity and all of its sub-entities in the hierarchy.


+-----------------------------------------------------------------------------------------------------------------------------------------------------------------------------------------------+
; Analysis & Synthesis RAM Summary                                                                                                                                                              ;
+---------------------------------------------------------------------------------------------+------+-------------+--------------+--------------+--------------+--------------+------+---------+
; Name                                                                                        ; Type ; Mode        ; Port A Depth ; Port A Width ; Port B Depth ; Port B Width ; Size ; MIF     ;
+---------------------------------------------------------------------------------------------+------+-------------+--------------+--------------+--------------+--------------+------+---------+
; lpm_ram_io:inst2|altram:sram|altsyncram:ram_block|altsyncram_cc91:auto_generated|ALTSYNCRAM ; AUTO ; Single Port ; 64           ; 8            ; --           ; --           ; 512  ; ram.hex ;
; lpm_rom:inst|altrom:srom|altsyncram:rom_block|altsyncram_bmv:auto_generated|ALTSYNCRAM      ; AUTO ; ROM         ; 64           ; 8            ; --           ; --           ; 512  ; rom.hex ;
+---------------------------------------------------------------------------------------------+------+-------------+--------------+--------------+--------------+--------------+------+---------+


+------------------------------------------------------+
; General Register Statistics                          ;
+----------------------------------------------+-------+
; Statistic                                    ; Value ;
+----------------------------------------------+-------+
; Total registers                              ; 27    ;
; Number of registers using Synchronous Clear  ; 0     ;
; Number of registers using Synchronous Load   ; 0     ;
; Number of registers using Asynchronous Clear ; 3     ;
; Number of registers using Asynchronous Load  ; 0     ;
; Number of registers using Clock Enable       ; 0     ;
; Number of registers using Preset             ; 0     ;
+----------------------------------------------+-------+


+---------------------------------------------------------------------------------------------------------+
; Source assignments for LPM_RAM_IO:inst2|altram:sram|altsyncram:ram_block|altsyncram_cc91:auto_generated ;
+---------------------------------+--------------------+------+-------------------------------------------+
; Assignment                      ; Value              ; From ; To                                        ;
+---------------------------------+--------------------+------+-------------------------------------------+
; OPTIMIZE_POWER_DURING_SYNTHESIS ; NORMAL_COMPILATION ; -    ; -                                         ;
+---------------------------------+--------------------+------+-------------------------------------------+


+----------------------------------------------------------------------------------------------------+
; Source assignments for LPM_ROM:inst|altrom:srom|altsyncram:rom_block|altsyncram_bmv:auto_generated ;
+---------------------------------+--------------------+------+--------------------------------------+
; Assignment                      ; Value              ; From ; To                                   ;
+---------------------------------+--------------------+------+--------------------------------------+
; OPTIMIZE_POWER_DURING_SYNTHESIS ; NORMAL_COMPILATION ; -    ; -                                    ;
+---------------------------------+--------------------+------+--------------------------------------+


+--------------------------------------------------------------------------------------------------+
; Parameter Settings for User Entity Instance: lpm_bustri11:inst18|lpm_bustri:lpm_bustri_component ;
+----------------+-------+-------------------------------------------------------------------------+
; Parameter Name ; Value ; Type                                                                    ;
+----------------+-------+-------------------------------------------------------------------------+
; LPM_WIDTH      ; 8     ; Untyped                                                                 ;
+----------------+-------+-------------------------------------------------------------------------+
Note: In order to hide this table in the UI and the text report file, please set the "Show Parameter Settings Tables in Synthesis Report" option in "Analysis and Synthesis Settings -> More Settings" to "Off".


+---------------------------------------------------------------+
; Parameter Settings for User Entity Instance: LPM_RAM_IO:inst2 ;
+------------------------+--------------+-----------------------+
; Parameter Name         ; Value        ; Type                  ;
+------------------------+--------------+-----------------------+
; LPM_WIDTH              ; 8            ; Untyped               ;
; LPM_WIDTHAD            ; 6            ; Untyped               ;
; LPM_NUMWORDS           ; 64           ; Untyped               ;
; LPM_INDATA             ; REGISTERED   ; Untyped               ;
; LPM_ADDRESS_CONTROL    ; REGISTERED   ; Untyped               ;
; LPM_OUTDATA            ; UNREGISTERED ; Untyped               ;
; LPM_FILE               ; ram.hex      ; Untyped               ;
; USE_EAB                ; ON           ; Untyped               ;
; DEVICE_FAMILY          ; Stratix II   ; Untyped               ;
; AUTO_CARRY_CHAINS      ; ON           ; AUTO_CARRY            ;
; IGNORE_CARRY_BUFFERS   ; OFF          ; IGNORE_CARRY          ;
; AUTO_CASCADE_CHAINS    ; ON           ; AUTO_CASCADE          ;
; IGNORE_CASCADE_BUFFERS ; OFF          ; IGNORE_CASCADE        ;
+------------------------+--------------+-----------------------+
Note: In order to hide this table in the UI and the text report file, please set the "Show Parameter Settings Tables in Synthesis Report" option in "Analysis and Synthesis Settings -> More Settings" to "Off".


+------------------------------------------------------------------------------------------------+
; Parameter Settings for User Entity Instance: lpm_bustri0:inst1|lpm_bustri:lpm_bustri_component ;
+----------------+-------+-----------------------------------------------------------------------+
; Parameter Name ; Value ; Type                                                                  ;
+----------------+-------+-----------------------------------------------------------------------+
; LPM_WIDTH      ; 8     ; Untyped                                                               ;
+----------------+-------+-----------------------------------------------------------------------+
Note: In order to hide this table in the UI and the text report file, please set the "Show Parameter Settings Tables in Synthesis Report" option in "Analysis and Synthesis Settings -> More Settings" to "Off".


+-----------------------------------------------------------+
; Parameter Settings for User Entity Instance: LPM_ROM:inst ;
+------------------------+------------+---------------------+
; Parameter Name         ; Value      ; Type                ;
+------------------------+------------+---------------------+
; LPM_WIDTH              ; 8          ; Untyped             ;
; LPM_WIDTHAD            ; 6          ; Untyped             ;
; LPM_NUMWORDS           ; 64         ; Untyped             ;
; LPM_ADDRESS_CONTROL    ; REGISTERED ; Untyped             ;
; LPM_OUTDATA            ; REGISTERED ; Untyped             ;
; LPM_FILE               ; rom.hex    ; Untyped             ;
; DEVICE_FAMILY          ; Stratix II ; Untyped             ;
; AUTO_CARRY_CHAINS      ; ON         ; AUTO_CARRY          ;
; IGNORE_CARRY_BUFFERS   ; OFF        ; IGNORE_CARRY        ;
; AUTO_CASCADE_CHAINS    ; ON         ; AUTO_CASCADE        ;
; IGNORE_CASCADE_BUFFERS ; OFF        ; IGNORE_CASCADE      ;
+------------------------+------------+---------------------+
Note: In order to hide this table in the UI and the text report file, please set the "Show Parameter Settings Tables in Synthesis Report" option in "Analysis and Synthesis Settings -> More Settings" to "Off".


+--------------------------------------------------------------------------------------------------+
; Parameter Settings for User Entity Instance: lpm_bustri11:inst22|lpm_bustri:lpm_bustri_component ;
+----------------+-------+-------------------------------------------------------------------------+
; Parameter Name ; Value ; Type                                                                    ;
+----------------+-------+-------------------------------------------------------------------------+
; LPM_WIDTH      ; 8     ; Untyped                                                                 ;
+----------------+-------+-------------------------------------------------------------------------+
Note: In order to hide this table in the UI and the text report file, please set the "Show Parameter Settings Tables in Synthesis Report" option in "Analysis and Synthesis Settings -> More Settings" to "Off".


+--------------------------------------------------------------------------------------+
; Parameter Settings for User Entity Instance: lpm_dff0:inst24|lpm_ff:lpm_ff_component ;
+------------------------+------------+------------------------------------------------+
; Parameter Name         ; Value      ; Type                                           ;
+------------------------+------------+------------------------------------------------+
; LPM_WIDTH              ; 8          ; Untyped                                        ;
; LPM_AVALUE             ; UNUSED     ; Untyped                                        ;
; LPM_SVALUE             ; UNUSED     ; Untyped                                        ;
; LPM_FFTYPE             ; DFF        ; Untyped                                        ;
; DEVICE_FAMILY          ; Stratix II ; Untyped                                        ;
; CBXI_PARAMETER         ; NOTHING    ; Untyped                                        ;
; AUTO_CARRY_CHAINS      ; ON         ; AUTO_CARRY                                     ;
; IGNORE_CARRY_BUFFERS   ; OFF        ; IGNORE_CARRY                                   ;
; AUTO_CASCADE_CHAINS    ; ON         ; AUTO_CASCADE                                   ;
; IGNORE_CASCADE_BUFFERS ; OFF        ; IGNORE_CASCADE                                 ;
+------------------------+------------+------------------------------------------------+
Note: In order to hide this table in the UI and the text report file, please set the "Show Parameter Settings Tables in Synthesis Report" option in "Analysis and Synthesis Settings -> More Settings" to "Off".


+--------------------------------------------------------------------------------------+
; Parameter Settings for User Entity Instance: lpm_dff0:inst23|lpm_ff:lpm_ff_component ;
+------------------------+------------+------------------------------------------------+
; Parameter Name         ; Value      ; Type                                           ;
+------------------------+------------+------------------------------------------------+
; LPM_WIDTH              ; 8          ; Untyped                                        ;
; LPM_AVALUE             ; UNUSED     ; Untyped                                        ;
; LPM_SVALUE             ; UNUSED     ; Untyped                                        ;
; LPM_FFTYPE             ; DFF        ; Untyped                                        ;
; DEVICE_FAMILY          ; Stratix II ; Untyped                                        ;
; CBXI_PARAMETER         ; NOTHING    ; Untyped                                        ;
; AUTO_CARRY_CHAINS      ; ON         ; AUTO_CARRY                                     ;
; IGNORE_CARRY_BUFFERS   ; OFF        ; IGNORE_CARRY                                   ;
; AUTO_CASCADE_CHAINS    ; ON         ; AUTO_CASCADE                                   ;
; IGNORE_CASCADE_BUFFERS ; OFF        ; IGNORE_CASCADE                                 ;
+------------------------+------------+------------------------------------------------+
Note: In order to hide this table in the UI and the text report file, please set the "Show Parameter Settings Tables in Synthesis Report" option in "Analysis and Synthesis Settings -> More Settings" to "Off".


+--------------------------------------------------------------------------------------+
; Parameter Settings for User Entity Instance: lpm_dff0:inst21|lpm_ff:lpm_ff_component ;
+------------------------+------------+------------------------------------------------+
; Parameter Name         ; Value      ; Type                                           ;
+------------------------+------------+------------------------------------------------+
; LPM_WIDTH              ; 8          ; Untyped                                        ;
; LPM_AVALUE             ; UNUSED     ; Untyped                                        ;
; LPM_SVALUE             ; UNUSED     ; Untyped                                        ;
; LPM_FFTYPE             ; DFF        ; Untyped                                        ;
; DEVICE_FAMILY          ; Stratix II ; Untyped                                        ;
; CBXI_PARAMETER         ; NOTHING    ; Untyped                                        ;
; AUTO_CARRY_CHAINS      ; ON         ; AUTO_CARRY                                     ;
; IGNORE_CARRY_BUFFERS   ; OFF        ; IGNORE_CARRY                                   ;
; AUTO_CASCADE_CHAINS    ; ON         ; AUTO_CASCADE                                   ;
; IGNORE_CASCADE_BUFFERS ; OFF        ; IGNORE_CASCADE                                 ;
+------------------------+------------+------------------------------------------------+
Note: In order to hide this table in the UI and the text report file, please set the "Show Parameter Settings Tables in Synthesis Report" option in "Analysis and Synthesis Settings -> More Settings" to "Off".


+-------------------------------+
; Analysis & Synthesis Messages ;
+-------------------------------+
Info: *******************************************************************
Info: Running Quartus II Analysis & Synthesis
    Info: Version 9.1 Build 222 10/21/2009 SJ Web Edition
    Info: Processing started: Tue Oct 18 15:18:05 2016
Info: Command: quartus_map --read_settings_files=on --write_settings_files=off laba3 -c block1
Warning: Tcl Script File F:/sifo/laba3.1/lpm_bustri0.qip not found
    Info: set_global_assignment -name QIP_FILE "F:/sifo/laba3.1/lpm_bustri0.qip"
Warning: Tcl Script File F:/sifo/laba3.1/lpm_bustri1.qip not found
    Info: set_global_assignment -name QIP_FILE "F:/sifo/laba3.1/lpm_bustri1.qip"
Warning: Tcl Script File F:/sifo/laba3.1/lpm_bustri2.qip not found
    Info: set_global_assignment -name QIP_FILE "F:/sifo/laba3.1/lpm_bustri2.qip"
Info: Found 1 design units, including 1 entities, in source file block1.bdf
    Info: Found entity 1: block1
Info: Found 1 design units, including 1 entities, in source file block2.bdf
    Info: Found entity 1: Block2
Info: Elaborating entity "block1" for the top level hierarchy
Info: Elaborating entity "4count" for hierarchy "4count:inst4"
Info: Elaborated megafunction instantiation "4count:inst4"
Warning: Using design file lpm_bustri11.tdf, which is not specified as a design file for the current project, but contains definitions for 1 design units and 1 entities in project
    Info: Found entity 1: lpm_bustri11
Info: Elaborating entity "lpm_bustri11" for hierarchy "lpm_bustri11:inst18"
Info: Elaborating entity "lpm_bustri" for hierarchy "lpm_bustri11:inst18|lpm_bustri:lpm_bustri_component"
Info: Elaborated megafunction instantiation "lpm_bustri11:inst18|lpm_bustri:lpm_bustri_component"
Info: Instantiated megafunction "lpm_bustri11:inst18|lpm_bustri:lpm_bustri_component" with the following parameter:
    Info: Parameter "LPM_TYPE" = "LPM_BUSTRI"
    Info: Parameter "LPM_WIDTH" = "8"
Info: Elaborating entity "LPM_RAM_IO" for hierarchy "LPM_RAM_IO:inst2"
Info: Elaborated megafunction instantiation "LPM_RAM_IO:inst2"
Info: Instantiated megafunction "LPM_RAM_IO:inst2" with the following parameter:
    Info: Parameter "LPM_ADDRESS_CONTROL" = "REGISTERED"
    Info: Parameter "LPM_FILE" = "ram.hex"
    Info: Parameter "LPM_NUMWORDS" = "64"
    Info: Parameter "LPM_OUTDATA" = "UNREGISTERED"
    Info: Parameter "LPM_WIDTH" = "8"
    Info: Parameter "LPM_WIDTHAD" = "6"
Info: Elaborating entity "altram" for hierarchy "LPM_RAM_IO:inst2|altram:sram"
Warning: Assertion warning: altram does not support Stratix II device family -- attempting best-case memory conversions, but power-up states and read during write behavior will be different for Stratix II devices
Info: Elaborated megafunction instantiation "LPM_RAM_IO:inst2|altram:sram", which is child of megafunction instantiation "LPM_RAM_IO:inst2"
Info: Elaborating entity "altsyncram" for hierarchy "LPM_RAM_IO:inst2|altram:sram|altsyncram:ram_block"
Info: Elaborated megafunction instantiation "LPM_RAM_IO:inst2|altram:sram|altsyncram:ram_block", which is child of megafunction instantiation "LPM_RAM_IO:inst2"
Info: Found 1 design units, including 1 entities, in source file db/altsyncram_cc91.tdf
    Info: Found entity 1: altsyncram_cc91
Info: Elaborating entity "altsyncram_cc91" for hierarchy "LPM_RAM_IO:inst2|altram:sram|altsyncram:ram_block|altsyncram_cc91:auto_generated"
Warning: Using design file lpm_bustri0.tdf, which is not specified as a design file for the current project, but contains definitions for 1 design units and 1 entities in project
    Info: Found entity 1: lpm_bustri0
Info: Elaborating entity "lpm_bustri0" for hierarchy "lpm_bustri0:inst1"
Info: Elaborating entity "lpm_bustri" for hierarchy "lpm_bustri0:inst1|lpm_bustri:lpm_bustri_component"
Info: Elaborated megafunction instantiation "lpm_bustri0:inst1|lpm_bustri:lpm_bustri_component"
Info: Instantiated megafunction "lpm_bustri0:inst1|lpm_bustri:lpm_bustri_component" with the following parameter:
    Info: Parameter "LPM_TYPE" = "LPM_BUSTRI"
    Info: Parameter "LPM_WIDTH" = "8"
Info: Elaborating entity "LPM_ROM" for hierarchy "LPM_ROM:inst"
Info: Elaborated megafunction instantiation "LPM_ROM:inst"
Info: Instantiated megafunction "LPM_ROM:inst" with the following parameter:
    Info: Parameter "LPM_ADDRESS_CONTROL" = "REGISTERED"
    Info: Parameter "LPM_FILE" = "rom.hex"
    Info: Parameter "LPM_NUMWORDS" = "64"
    Info: Parameter "LPM_OUTDATA" = "REGISTERED"
    Info: Parameter "LPM_WIDTH" = "8"
    Info: Parameter "LPM_WIDTHAD" = "6"
Info: Elaborating entity "altrom" for hierarchy "LPM_ROM:inst|altrom:srom"
Info: Elaborated megafunction instantiation "LPM_ROM:inst|altrom:srom", which is child of megafunction instantiation "LPM_ROM:inst"
Info: Elaborating entity "altsyncram" for hierarchy "LPM_ROM:inst|altrom:srom|altsyncram:rom_block"
Info: Elaborated megafunction instantiation "LPM_ROM:inst|altrom:srom|altsyncram:rom_block", which is child of megafunction instantiation "LPM_ROM:inst"
Info: Found 1 design units, including 1 entities, in source file db/altsyncram_bmv.tdf
    Info: Found entity 1: altsyncram_bmv
Info: Elaborating entity "altsyncram_bmv" for hierarchy "LPM_ROM:inst|altrom:srom|altsyncram:rom_block|altsyncram_bmv:auto_generated"
Warning: Using design file lpm_dff0.tdf, which is not specified as a design file for the current project, but contains definitions for 1 design units and 1 entities in project
    Info: Found entity 1: lpm_dff0
Info: Elaborating entity "lpm_dff0" for hierarchy "lpm_dff0:inst24"
Info: Elaborating entity "lpm_ff" for hierarchy "lpm_dff0:inst24|lpm_ff:lpm_ff_component"
Info: Elaborated megafunction instantiation "lpm_dff0:inst24|lpm_ff:lpm_ff_component"
Info: Instantiated megafunction "lpm_dff0:inst24|lpm_ff:lpm_ff_component" with the following parameter:
    Info: Parameter "LPM_TYPE" = "LPM_FF"
    Info: Parameter "LPM_WIDTH" = "8"
    Info: Parameter "LPM_FFTYPE" = "DFF"
Warning: Tri-state node(s) do not directly drive top-level pin(s)
    Warning: Converted the fan-out from the tri-state buffer "lpm_bustri11:inst22|lpm_bustri:lpm_bustri_component|din[7]" to the node "lpm_dff0:inst21|lpm_ff:lpm_ff_component|dffs[7]" into an OR gate
    Warning: Converted the fan-out from the tri-state buffer "lpm_bustri11:inst22|lpm_bustri:lpm_bustri_component|din[6]" to the node "lpm_dff0:inst21|lpm_ff:lpm_ff_component|dffs[6]" into an OR gate
    Warning: Converted the fan-out from the tri-state buffer "lpm_bustri11:inst22|lpm_bustri:lpm_bustri_component|din[5]" to the node "lpm_dff0:inst21|lpm_ff:lpm_ff_component|dffs[5]" into an OR gate
    Warning: Converted the fan-out from the tri-state buffer "lpm_bustri11:inst22|lpm_bustri:lpm_bustri_component|din[4]" to the node "lpm_dff0:inst21|lpm_ff:lpm_ff_component|dffs[4]" into an OR gate
    Warning: Converted the fan-out from the tri-state buffer "lpm_bustri11:inst22|lpm_bustri:lpm_bustri_component|din[3]" to the node "lpm_dff0:inst21|lpm_ff:lpm_ff_component|dffs[3]" into an OR gate
    Warning: Converted the fan-out from the tri-state buffer "lpm_bustri11:inst22|lpm_bustri:lpm_bustri_component|din[2]" to the node "lpm_dff0:inst21|lpm_ff:lpm_ff_component|dffs[2]" into an OR gate
    Warning: Converted the fan-out from the tri-state buffer "lpm_bustri11:inst22|lpm_bustri:lpm_bustri_component|din[1]" to the node "lpm_dff0:inst21|lpm_ff:lpm_ff_component|dffs[1]" into an OR gate
    Warning: Converted the fan-out from the tri-state buffer "lpm_bustri11:inst22|lpm_bustri:lpm_bustri_component|din[0]" to the node "lpm_dff0:inst21|lpm_ff:lpm_ff_component|dffs[0]" into an OR gate
Warning: Tri-state node(s) do not directly drive top-level pin(s)
    Warning: Converted the fan-out from the tri-state buffer "lpm_bustri11:inst18|lpm_bustri:lpm_bustri_component|din[7]" to the node "lpm_bustri11:inst22|lpm_bustri:lpm_bustri_component|din[7]" into an OR gate
    Warning: Converted the fan-out from the tri-state buffer "lpm_bustri11:inst18|lpm_bustri:lpm_bustri_component|din[6]" to the node "lpm_bustri11:inst22|lpm_bustri:lpm_bustri_component|din[6]" into an OR gate
    Warning: Converted the fan-out from the tri-state buffer "lpm_bustri11:inst18|lpm_bustri:lpm_bustri_component|din[5]" to the node "lpm_bustri11:inst22|lpm_bustri:lpm_bustri_component|din[5]" into an OR gate
    Warning: Converted the fan-out from the tri-state buffer "lpm_bustri11:inst18|lpm_bustri:lpm_bustri_component|din[4]" to the node "lpm_bustri11:inst22|lpm_bustri:lpm_bustri_component|din[4]" into an OR gate
    Warning: Converted the fan-out from the tri-state buffer "lpm_bustri11:inst18|lpm_bustri:lpm_bustri_component|din[3]" to the node "lpm_bustri11:inst22|lpm_bustri:lpm_bustri_component|din[3]" into an OR gate
    Warning: Converted the fan-out from the tri-state buffer "lpm_bustri11:inst18|lpm_bustri:lpm_bustri_component|din[2]" to the node "lpm_bustri11:inst22|lpm_bustri:lpm_bustri_component|din[2]" into an OR gate
    Warning: Converted the fan-out from the tri-state buffer "lpm_bustri11:inst18|lpm_bustri:lpm_bustri_component|din[1]" to the node "lpm_bustri11:inst22|lpm_bustri:lpm_bustri_component|din[1]" into an OR gate
    Warning: Converted the fan-out from the tri-state buffer "lpm_bustri11:inst18|lpm_bustri:lpm_bustri_component|din[0]" to the node "lpm_bustri11:inst22|lpm_bustri:lpm_bustri_component|din[0]" into an OR gate
    Warning: Converted the fan-out from the tri-state buffer "lpm_ram_io:inst2|datatri[7]" to the node "lpm_ram_io:inst2|altram:sram|altsyncram:ram_block|altsyncram_cc91:auto_generated|q_a[7]" into an OR gate
    Warning: Converted the fan-out from the tri-state buffer "lpm_ram_io:inst2|datatri[6]" to the node "lpm_ram_io:inst2|altram:sram|altsyncram:ram_block|altsyncram_cc91:auto_generated|q_a[6]" into an OR gate
    Warning: Converted the fan-out from the tri-state buffer "lpm_ram_io:inst2|datatri[5]" to the node "lpm_ram_io:inst2|altram:sram|altsyncram:ram_block|altsyncram_cc91:auto_generated|q_a[5]" into an OR gate
    Warning: Converted the fan-out from the tri-state buffer "lpm_ram_io:inst2|datatri[4]" to the node "lpm_ram_io:inst2|altram:sram|altsyncram:ram_block|altsyncram_cc91:auto_generated|q_a[4]" into an OR gate
    Warning: Converted the fan-out from the tri-state buffer "lpm_ram_io:inst2|datatri[3]" to the node "lpm_ram_io:inst2|altram:sram|altsyncram:ram_block|altsyncram_cc91:auto_generated|q_a[3]" into an OR gate
    Warning: Converted the fan-out from the tri-state buffer "lpm_ram_io:inst2|datatri[2]" to the node "lpm_ram_io:inst2|altram:sram|altsyncram:ram_block|altsyncram_cc91:auto_generated|q_a[2]" into an OR gate
    Warning: Converted the fan-out from the tri-state buffer "lpm_ram_io:inst2|datatri[1]" to the node "lpm_ram_io:inst2|altram:sram|altsyncram:ram_block|altsyncram_cc91:auto_generated|q_a[1]" into an OR gate
    Warning: Converted the fan-out from the tri-state buffer "lpm_ram_io:inst2|datatri[0]" to the node "lpm_ram_io:inst2|altram:sram|altsyncram:ram_block|altsyncram_cc91:auto_generated|q_a[0]" into an OR gate
Info: Implemented 99 device resources after synthesis - the final resource count might be different
    Info: Implemented 10 input pins
    Info: Implemented 25 output pins
    Info: Implemented 48 logic cells
    Info: Implemented 16 RAM segments
Info: Quartus II Analysis & Synthesis was successful. 0 errors, 33 warnings
    Info: Peak virtual memory: 211 megabytes
    Info: Processing ended: Tue Oct 18 15:18:12 2016
    Info: Elapsed time: 00:00:07
    Info: Total CPU time (on all processors): 00:00:06


